#
# There is insufficient memory for the Java Runtime Environment to continue.
# Native memory allocation (mmap) failed to map 27262976 bytes for G1 virtual space
# Possible reasons:
#   The system is out of physical RAM or swap space
#   The process is running with CompressedOops enabled, and the Java Heap may be blocking the growth of the native heap
# Possible solutions:
#   Reduce memory load on the system
#   Increase physical memory or swap space
#   Check if swap backing store is full
#   Decrease Java heap size (-Xmx/-Xms)
#   Decrease number of Java threads
#   Decrease Java thread stack sizes (-Xss)
#   Set larger code cache with -XX:ReservedCodeCacheSize=
#   JVM is running with Unscaled Compressed Oops mode in which the Java heap is
#     placed in the first 4GB address space. The Java Heap base address is the
#     maximum limit for the native heap growth. Please use -XX:HeapBaseMinAddress
#     to set the Java Heap base and to place the Java Heap above 4GB virtual address.
# This output file may be truncated or incomplete.
#
#  Out of Memory Error (os_windows.cpp:3825), pid=17324, tid=1348
#
# JRE version: OpenJDK Runtime Environment (17.0.10) (build 17.0.10+0--11572160)
# Java VM: OpenJDK 64-Bit Server VM (17.0.10+0--11572160, mixed mode, tiered, compressed oops, compressed class ptrs, g1 gc, windows-amd64)
# No core dump will be written. Minidumps are not enabled by default on client versions of Windows
#

---------------  S U M M A R Y ------------

Command Line: --add-opens=java.base/java.util=ALL-UNNAMED --add-opens=java.base/java.lang=ALL-UNNAMED --add-opens=java.base/java.lang.invoke=ALL-UNNAMED --add-opens=java.prefs/java.util.prefs=ALL-UNNAMED --add-opens=java.base/java.nio.charset=ALL-UNNAMED --add-opens=java.base/java.net=ALL-UNNAMED --add-opens=java.base/java.util.concurrent.atomic=ALL-UNNAMED -Xmx2048m -Dfile.encoding=UTF-8 -Duser.country=US -Duser.language=en -Duser.variant -javaagent:C:\Users\Lucius\.gradle\wrapper\dists\gradle-8.7-bin\bhs2wmbdwecv87pi65oeuq5iu\gradle-8.7\lib\agents\gradle-instrumentation-agent-8.7.jar org.gradle.launcher.daemon.bootstrap.GradleDaemon 8.7

Host: 11th Gen Intel(R) Core(TM) i5-11400H @ 2.70GHz, 12 cores, 15G,  Windows 10 , 64 bit Build 19041 (10.0.19041.3636)
Time: Thu Jun 13 03:21:58 2024 SE Asia Standard Time elapsed time: 188.961852 seconds (0d 0h 3m 8s)

---------------  T H R E A D  ---------------

Current thread (0x0000019e2098ea10):  VMThread "VM Thread" [stack: 0x000000743ed00000,0x000000743ee00000] [id=1348]

Stack: [0x000000743ed00000,0x000000743ee00000]
Native frames: (J=compiled Java code, j=interpreted, Vv=VM code, C=native code)
V  [jvm.dll+0x688e89]
V  [jvm.dll+0x84247a]
V  [jvm.dll+0x8440be]
V  [jvm.dll+0x844723]
V  [jvm.dll+0x24be0f]
V  [jvm.dll+0x685c59]
V  [jvm.dll+0x67a50a]
V  [jvm.dll+0x30cbab]
V  [jvm.dll+0x314056]
V  [jvm.dll+0x363dce]
V  [jvm.dll+0x363fff]
V  [jvm.dll+0x2e2978]
V  [jvm.dll+0x2e0b54]
V  [jvm.dll+0x2e015c]
V  [jvm.dll+0x32502b]
V  [jvm.dll+0x848e1b]
V  [jvm.dll+0x849b61]
V  [jvm.dll+0x84a07d]
V  [jvm.dll+0x84a454]
V  [jvm.dll+0x84a520]
V  [jvm.dll+0x7f0d1a]
V  [jvm.dll+0x687d05]
C  [ucrtbase.dll+0x21bb2]
C  [KERNEL32.DLL+0x17344]
C  [ntdll.dll+0x526b1]

VM_Operation (0x00000074405f7a10): G1CollectForAllocation, mode: safepoint, requested by thread 0x0000019e26753030


---------------  P R O C E S S  ---------------

Threads class SMR info:
_java_thread_list=0x0000019e278e40d0, length=31, elements={
0x0000019e0650f7b0, 0x0000019e209913e0, 0x0000019e20991eb0, 0x0000019e209d63b0,
0x0000019e209d6e80, 0x0000019e209dbb70, 0x0000019e209dc440, 0x0000019e209e8550,
0x0000019e209e8f10, 0x0000019e209e9820, 0x0000019e20396cc0, 0x0000019e20c4e400,
0x0000019e264da490, 0x0000019e2668c020, 0x0000019e27a52820, 0x0000019e268635b0,
0x0000019e25e6e130, 0x0000019e277dfcb0, 0x0000019e26753030, 0x0000019e25f089e0,
0x0000019e25f07ab0, 0x0000019e25f09400, 0x0000019e25f084d0, 0x0000019e25f07fc0,
0x0000019e25f0a840, 0x0000019e25f08ef0, 0x0000019e25f09e20, 0x0000019e25f0a330,
0x0000019e25f0ad50, 0x0000019e25f075a0, 0x0000019e28013910
}

Java Threads: ( => current thread )
  0x0000019e0650f7b0 JavaThread "main" [_thread_blocked, id=4292, stack(0x000000743e700000,0x000000743e800000)]
  0x0000019e209913e0 JavaThread "Reference Handler" daemon [_thread_blocked, id=6944, stack(0x000000743ee00000,0x000000743ef00000)]
  0x0000019e20991eb0 JavaThread "Finalizer" daemon [_thread_blocked, id=16692, stack(0x000000743ef00000,0x000000743f000000)]
  0x0000019e209d63b0 JavaThread "Signal Dispatcher" daemon [_thread_blocked, id=13480, stack(0x000000743f000000,0x000000743f100000)]
  0x0000019e209d6e80 JavaThread "Attach Listener" daemon [_thread_blocked, id=10684, stack(0x000000743f100000,0x000000743f200000)]
  0x0000019e209dbb70 JavaThread "Service Thread" daemon [_thread_blocked, id=15948, stack(0x000000743f200000,0x000000743f300000)]
  0x0000019e209dc440 JavaThread "Monitor Deflation Thread" daemon [_thread_blocked, id=13756, stack(0x000000743f300000,0x000000743f400000)]
  0x0000019e209e8550 JavaThread "C2 CompilerThread0" daemon [_thread_blocked, id=11788, stack(0x000000743f400000,0x000000743f500000)]
  0x0000019e209e8f10 JavaThread "C1 CompilerThread0" daemon [_thread_blocked, id=11472, stack(0x000000743f500000,0x000000743f600000)]
  0x0000019e209e9820 JavaThread "Sweeper thread" daemon [_thread_blocked, id=11724, stack(0x000000743f600000,0x000000743f700000)]
  0x0000019e20396cc0 JavaThread "Common-Cleaner" daemon [_thread_blocked, id=17188, stack(0x000000743f700000,0x000000743f800000)]
  0x0000019e20c4e400 JavaThread "Notification Thread" daemon [_thread_blocked, id=1136, stack(0x000000743f800000,0x000000743f900000)]
  0x0000019e264da490 JavaThread "Daemon health stats" [_thread_blocked, id=5280, stack(0x000000743fa00000,0x000000743fb00000)]
  0x0000019e2668c020 JavaThread "Incoming local TCP Connector on port 51135" [_thread_in_native, id=8568, stack(0x0000007440000000,0x0000007440100000)]
  0x0000019e27a52820 JavaThread "Daemon periodic checks" [_thread_blocked, id=8864, stack(0x0000007440100000,0x0000007440200000)]
  0x0000019e268635b0 JavaThread "Daemon" [_thread_blocked, id=10956, stack(0x0000007440200000,0x0000007440300000)]
  0x0000019e25e6e130 JavaThread "Handler for socket connection from /127.0.0.1:51135 to /127.0.0.1:51136" [_thread_in_native, id=10264, stack(0x0000007440300000,0x0000007440400000)]
  0x0000019e277dfcb0 JavaThread "Cancel handler" [_thread_blocked, id=13708, stack(0x0000007440400000,0x0000007440500000)]
  0x0000019e26753030 JavaThread "Daemon worker" [_thread_blocked, id=8368, stack(0x0000007440500000,0x0000007440600000)]
  0x0000019e25f089e0 JavaThread "Asynchronous log dispatcher for DefaultDaemonConnection: socket connection from /127.0.0.1:51135 to /127.0.0.1:51136" [_thread_blocked, id=2436, stack(0x0000007440600000,0x0000007440700000)]
  0x0000019e25f07ab0 JavaThread "Daemon client event forwarder" [_thread_blocked, id=9116, stack(0x0000007440800000,0x0000007440900000)]
  0x0000019e25f09400 JavaThread "Cache worker for journal cache (C:\Users\Lucius\.gradle\caches\journal-1)" [_thread_blocked, id=14296, stack(0x0000007440f00000,0x0000007441000000)]
  0x0000019e25f084d0 JavaThread "File lock request listener" [_thread_in_native, id=5248, stack(0x0000007441000000,0x0000007441100000)]
  0x0000019e25f07fc0 JavaThread "Cache worker for file hash cache (C:\Users\Lucius\.gradle\caches\8.7\fileHashes)" [_thread_blocked, id=13404, stack(0x0000007441100000,0x0000007441200000)]
  0x0000019e25f0a840 JavaThread "Cache worker for file hash cache (D:\btl_android\PTUDDD\.gradle\8.7\fileHashes)" [_thread_blocked, id=11040, stack(0x0000007441400000,0x0000007441500000)]
  0x0000019e25f08ef0 JavaThread "File watcher server" daemon [_thread_in_native, id=15892, stack(0x000000743e400000,0x000000743e500000)]
  0x0000019e25f09e20 JavaThread "File watcher consumer" daemon [_thread_blocked, id=17300, stack(0x000000743e500000,0x000000743e600000)]
  0x0000019e25f0a330 JavaThread "Cache worker for checksums cache (D:\btl_android\PTUDDD\.gradle\8.7\checksums)" [_thread_blocked, id=15704, stack(0x000000743e600000,0x000000743e700000)]
  0x0000019e25f0ad50 JavaThread "Cache worker for cache directory md-supplier (C:\Users\Lucius\.gradle\caches\8.7\md-supplier)" [_thread_blocked, id=8840, stack(0x0000007440700000,0x0000007440800000)]
  0x0000019e25f075a0 JavaThread "Cache worker for cache directory md-rule (C:\Users\Lucius\.gradle\caches\8.7\md-rule)" [_thread_blocked, id=10936, stack(0x0000007441200000,0x0000007441300000)]
  0x0000019e28013910 JavaThread "Cache worker for file content cache (C:\Users\Lucius\.gradle\caches\8.7\fileContent)" [_thread_blocked, id=6224, stack(0x0000007441300000,0x0000007441400000)]

Other Threads:
=>0x0000019e2098ea10 VMThread "VM Thread" [stack: 0x000000743ed00000,0x000000743ee00000] [id=1348]
  0x0000019e20c8f650 WatcherThread [stack: 0x000000743f900000,0x000000743fa00000] [id=11524]
  0x0000019e0656a010 GCTaskThread "GC Thread#0" [stack: 0x000000743e800000,0x000000743e900000] [id=8880]
  0x0000019e25e185e0 GCTaskThread "GC Thread#1" [stack: 0x000000743fb00000,0x000000743fc00000] [id=13244]
  0x0000019e25d37740 GCTaskThread "GC Thread#2" [stack: 0x000000743fc00000,0x000000743fd00000] [id=2156]
  0x0000019e250bd6a0 GCTaskThread "GC Thread#3" [stack: 0x000000743fd00000,0x000000743fe00000] [id=1140]
  0x0000019e2592d990 GCTaskThread "GC Thread#4" [stack: 0x000000743fe00000,0x000000743ff00000] [id=14360]
  0x0000019e2592dc50 GCTaskThread "GC Thread#5" [stack: 0x000000743ff00000,0x0000007440000000] [id=6308]
  0x0000019e258d0080 GCTaskThread "GC Thread#6" [stack: 0x0000007440900000,0x0000007440a00000] [id=5068]
  0x0000019e258d13c0 GCTaskThread "GC Thread#7" [stack: 0x0000007440a00000,0x0000007440b00000] [id=7204]
  0x0000019e258d08c0 GCTaskThread "GC Thread#8" [stack: 0x0000007440b00000,0x0000007440c00000] [id=10444]
  0x0000019e258d1680 GCTaskThread "GC Thread#9" [stack: 0x0000007440c00000,0x0000007440d00000] [id=9312]
  0x0000019e0657ae70 ConcurrentGCThread "G1 Main Marker" [stack: 0x000000743e900000,0x000000743ea00000] [id=3536]
  0x0000019e0657b7a0 ConcurrentGCThread "G1 Conc#0" [stack: 0x000000743ea00000,0x000000743eb00000] [id=10596]
  0x0000019e258d1940 ConcurrentGCThread "G1 Conc#1" [stack: 0x0000007440d00000,0x0000007440e00000] [id=12104]
  0x0000019e258d0b80 ConcurrentGCThread "G1 Conc#2" [stack: 0x0000007440e00000,0x0000007440f00000] [id=17168]
  0x0000019e065cd960 ConcurrentGCThread "G1 Refine#0" [stack: 0x000000743eb00000,0x000000743ec00000] [id=15688]
  0x0000019e065ce2a0 ConcurrentGCThread "G1 Service" [stack: 0x000000743ec00000,0x000000743ed00000] [id=7440]

Threads with active compile tasks:
C2 CompilerThread0   188979 3861   !   4       jdk.internal.loader.URLClassPath$JarLoader::getResource (354 bytes)

VM state: at safepoint (normal execution)

VM Mutex/Monitor currently owned by a thread:  ([mutex/lock_event])
[0x0000019e06509a60] Threads_lock - owner thread: 0x0000019e2098ea10
[0x0000019e0650a1b0] Heap_lock - owner thread: 0x0000019e26753030

Heap address: 0x0000000080000000, size: 2048 MB, Compressed Oops mode: 32-bit

CDS archive(s) not mapped
Compressed class space mapped at: 0x0000000100000000-0x0000000140000000, reserved size: 1073741824
Narrow klass base: 0x0000000000000000, Narrow klass shift: 3, Narrow klass range: 0x140000000

GC Precious Log:
 CPUs: 12 total, 12 available
 Memory: 16163M
 Large Page Support: Disabled
 NUMA Support: Disabled
 Compressed Oops: Enabled (32-bit)
 Heap Region Size: 1M
 Heap Min Capacity: 8M
 Heap Initial Capacity: 254M
 Heap Max Capacity: 2G
 Pre-touch: Disabled
 Parallel Workers: 10
 Concurrent Workers: 3
 Concurrent Refinement Workers: 10
 Periodic GC: Disabled

Heap:
 garbage-first heap   total 71680K, used 30371K [0x0000000080000000, 0x0000000100000000)
  region size 1024K, 3 young (3072K), 3 survivors (3072K)
 Metaspace       used 42509K, committed 42880K, reserved 1114112K
  class space    used 5657K, committed 5824K, reserved 1048576K

Heap Regions: E=young(eden), S=young(survivor), O=old, HS=humongous(starts), HC=humongous(continues), CS=collection set, F=free, OA=open archive, CA=closed archive, TAMS=top-at-mark-start (previous, next)
|   0|0x0000000080000000, 0x0000000080100000, 0x0000000080100000|100%|HS|  |TAMS 0x0000000080100000, 0x0000000080000000| Complete 
|   1|0x0000000080100000, 0x0000000080200000, 0x0000000080200000|100%|HC|  |TAMS 0x0000000080200000, 0x0000000080100000| Complete 
|   2|0x0000000080200000, 0x0000000080300000, 0x0000000080300000|100%|HC|  |TAMS 0x0000000080300000, 0x0000000080200000| Complete 
|   3|0x0000000080300000, 0x0000000080400000, 0x0000000080400000|100%|HC|  |TAMS 0x0000000080400000, 0x0000000080300000| Complete 
|   4|0x0000000080400000, 0x0000000080500000, 0x0000000080500000|100%| O|  |TAMS 0x0000000080500000, 0x0000000080400000| Untracked 
|   5|0x0000000080500000, 0x0000000080600000, 0x0000000080600000|100%| O|  |TAMS 0x0000000080600000, 0x0000000080500000| Untracked 
|   6|0x0000000080600000, 0x0000000080700000, 0x0000000080700000|100%| O|  |TAMS 0x0000000080700000, 0x0000000080600000| Untracked 
|   7|0x0000000080700000, 0x0000000080800000, 0x0000000080800000|100%| O|  |TAMS 0x0000000080800000, 0x0000000080700000| Untracked 
|   8|0x0000000080800000, 0x0000000080900000, 0x0000000080900000|100%| O|  |TAMS 0x0000000080900000, 0x0000000080800000| Untracked 
|   9|0x0000000080900000, 0x0000000080a00000, 0x0000000080a00000|100%| O|  |TAMS 0x0000000080a00000, 0x0000000080900000| Untracked 
|  10|0x0000000080a00000, 0x0000000080b00000, 0x0000000080b00000|100%| O|  |TAMS 0x0000000080a00000, 0x0000000080a00000| Untracked 
|  11|0x0000000080b00000, 0x0000000080c00000, 0x0000000080c00000|100%| O|  |TAMS 0x0000000080c00000, 0x0000000080b00000| Untracked 
|  12|0x0000000080c00000, 0x0000000080d00000, 0x0000000080d00000|100%| O|  |TAMS 0x0000000080d00000, 0x0000000080c00000| Untracked 
|  13|0x0000000080d00000, 0x0000000080e00000, 0x0000000080e00000|100%| O|  |TAMS 0x0000000080e00000, 0x0000000080d00000| Untracked 
|  14|0x0000000080e00000, 0x0000000080f00000, 0x0000000080f00000|100%| O|  |TAMS 0x0000000080f00000, 0x0000000080e00000| Untracked 
|  15|0x0000000080f00000, 0x0000000081000000, 0x0000000081000000|100%| O|  |TAMS 0x0000000081000000, 0x0000000080f00000| Untracked 
|  16|0x0000000081000000, 0x0000000081100000, 0x0000000081100000|100%| O|  |TAMS 0x0000000081100000, 0x0000000081000000| Untracked 
|  17|0x0000000081100000, 0x0000000081200000, 0x0000000081200000|100%| O|  |TAMS 0x0000000081200000, 0x0000000081100000| Untracked 
|  18|0x0000000081200000, 0x0000000081300000, 0x0000000081300000|100%| O|  |TAMS 0x0000000081300000, 0x0000000081200000| Untracked 
|  19|0x0000000081300000, 0x0000000081400000, 0x0000000081400000|100%| O|  |TAMS 0x0000000081400000, 0x0000000081300000| Untracked 
|  20|0x0000000081400000, 0x0000000081500000, 0x0000000081500000|100%| O|  |TAMS 0x0000000081500000, 0x0000000081400000| Untracked 
|  21|0x0000000081500000, 0x0000000081600000, 0x0000000081600000|100%| O|  |TAMS 0x0000000081521a00, 0x0000000081500000| Untracked 
|  22|0x0000000081600000, 0x0000000081700000, 0x0000000081700000|100%| O|  |TAMS 0x0000000081600000, 0x0000000081600000| Untracked 
|  23|0x0000000081700000, 0x0000000081800000, 0x0000000081800000|100%| O|  |TAMS 0x0000000081700000, 0x0000000081700000| Untracked 
|  24|0x0000000081800000, 0x0000000081900000, 0x0000000081900000|100%| O|  |TAMS 0x0000000081800000, 0x0000000081800000| Untracked 
|  25|0x0000000081900000, 0x0000000081a00000, 0x0000000081a00000|100%| O|  |TAMS 0x0000000081900000, 0x0000000081900000| Untracked 
|  26|0x0000000081a00000, 0x0000000081b00000, 0x0000000081b00000|100%| O|  |TAMS 0x0000000081a00000, 0x0000000081a00000| Untracked 
|  27|0x0000000081b00000, 0x0000000081b86400, 0x0000000081c00000| 52%| O|  |TAMS 0x0000000081b00000, 0x0000000081b00000| Untracked 
|  28|0x0000000081c00000, 0x0000000081c00000, 0x0000000081d00000|  0%| F|  |TAMS 0x0000000081c00000, 0x0000000081c00000| Untracked 
|  29|0x0000000081d00000, 0x0000000081d00000, 0x0000000081e00000|  0%| F|  |TAMS 0x0000000081d00000, 0x0000000081d00000| Untracked 
|  30|0x0000000081e00000, 0x0000000081e00000, 0x0000000081f00000|  0%| F|  |TAMS 0x0000000081e00000, 0x0000000081e00000| Untracked 
|  31|0x0000000081f00000, 0x0000000081f00000, 0x0000000082000000|  0%| F|  |TAMS 0x0000000081f00000, 0x0000000081f00000| Untracked 
|  32|0x0000000082000000, 0x0000000082000000, 0x0000000082100000|  0%| F|  |TAMS 0x0000000082000000, 0x0000000082000000| Untracked 
|  33|0x0000000082100000, 0x0000000082100000, 0x0000000082200000|  0%| F|  |TAMS 0x0000000082100000, 0x0000000082100000| Untracked 
|  34|0x0000000082200000, 0x0000000082200000, 0x0000000082300000|  0%| F|  |TAMS 0x0000000082200000, 0x0000000082200000| Untracked 
|  35|0x0000000082300000, 0x0000000082300000, 0x0000000082400000|  0%| F|  |TAMS 0x0000000082300000, 0x0000000082300000| Untracked 
|  36|0x0000000082400000, 0x0000000082400000, 0x0000000082500000|  0%| F|  |TAMS 0x0000000082400000, 0x0000000082400000| Untracked 
|  37|0x0000000082500000, 0x0000000082500000, 0x0000000082600000|  0%| F|  |TAMS 0x0000000082500000, 0x0000000082500000| Untracked 
|  38|0x0000000082600000, 0x0000000082600000, 0x0000000082700000|  0%| F|  |TAMS 0x0000000082600000, 0x0000000082600000| Untracked 
|  39|0x0000000082700000, 0x0000000082700000, 0x0000000082800000|  0%| F|  |TAMS 0x0000000082700000, 0x0000000082700000| Untracked 
|  40|0x0000000082800000, 0x0000000082800000, 0x0000000082900000|  0%| F|  |TAMS 0x0000000082800000, 0x0000000082800000| Untracked 
|  41|0x0000000082900000, 0x0000000082922ad0, 0x0000000082a00000| 13%| S|CS|TAMS 0x0000000082900000, 0x0000000082900000| Complete 
|  42|0x0000000082a00000, 0x0000000082b00000, 0x0000000082b00000|100%| S|CS|TAMS 0x0000000082a00000, 0x0000000082a00000| Complete 
|  43|0x0000000082b00000, 0x0000000082c00000, 0x0000000082c00000|100%| S|CS|TAMS 0x0000000082b00000, 0x0000000082b00000| Complete 
|  44|0x0000000082c00000, 0x0000000082c00000, 0x0000000082d00000|  0%| F|  |TAMS 0x0000000082c00000, 0x0000000082c00000| Untracked 
|  45|0x0000000082d00000, 0x0000000082d00000, 0x0000000082e00000|  0%| F|  |TAMS 0x0000000082d00000, 0x0000000082d00000| Untracked 
|  46|0x0000000082e00000, 0x0000000082e00000, 0x0000000082f00000|  0%| F|  |TAMS 0x0000000082e00000, 0x0000000082e00000| Untracked 
|  47|0x0000000082f00000, 0x0000000082f00000, 0x0000000083000000|  0%| F|  |TAMS 0x0000000082f00000, 0x0000000082f00000| Untracked 
|  48|0x0000000083000000, 0x0000000083000000, 0x0000000083100000|  0%| F|  |TAMS 0x0000000083000000, 0x0000000083000000| Untracked 
|  49|0x0000000083100000, 0x0000000083100000, 0x0000000083200000|  0%| F|  |TAMS 0x0000000083100000, 0x0000000083100000| Untracked 
|  50|0x0000000083200000, 0x0000000083200000, 0x0000000083300000|  0%| F|  |TAMS 0x0000000083200000, 0x0000000083200000| Untracked 
|  51|0x0000000083300000, 0x0000000083300000, 0x0000000083400000|  0%| F|  |TAMS 0x0000000083300000, 0x0000000083300000| Untracked 
|  52|0x0000000083400000, 0x0000000083400000, 0x0000000083500000|  0%| F|  |TAMS 0x0000000083400000, 0x0000000083400000| Untracked 
|  53|0x0000000083500000, 0x0000000083500000, 0x0000000083600000|  0%| F|  |TAMS 0x0000000083500000, 0x0000000083500000| Untracked 
|  54|0x0000000083600000, 0x0000000083600000, 0x0000000083700000|  0%| F|  |TAMS 0x0000000083600000, 0x0000000083600000| Untracked 
|  55|0x0000000083700000, 0x0000000083700000, 0x0000000083800000|  0%| F|  |TAMS 0x0000000083700000, 0x0000000083700000| Untracked 
|  56|0x0000000083800000, 0x0000000083800000, 0x0000000083900000|  0%| F|  |TAMS 0x0000000083800000, 0x0000000083800000| Untracked 
|  57|0x0000000083900000, 0x0000000083900000, 0x0000000083a00000|  0%| F|  |TAMS 0x0000000083900000, 0x0000000083900000| Untracked 
|  58|0x0000000083a00000, 0x0000000083a00000, 0x0000000083b00000|  0%| F|  |TAMS 0x0000000083a00000, 0x0000000083a00000| Untracked 
|  59|0x0000000083b00000, 0x0000000083b00000, 0x0000000083c00000|  0%| F|  |TAMS 0x0000000083b00000, 0x0000000083b00000| Untracked 
| 195|0x000000008c300000, 0x000000008c300000, 0x000000008c400000|  0%| F|  |TAMS 0x000000008c300000, 0x000000008c300000| Untracked 
| 196|0x000000008c400000, 0x000000008c400000, 0x000000008c500000|  0%| F|  |TAMS 0x000000008c400000, 0x000000008c400000| Untracked 
| 197|0x000000008c500000, 0x000000008c500000, 0x000000008c600000|  0%| F|  |TAMS 0x000000008c500000, 0x000000008c500000| Untracked 
| 198|0x000000008c600000, 0x000000008c600000, 0x000000008c700000|  0%| F|  |TAMS 0x000000008c600000, 0x000000008c600000| Untracked 
| 199|0x000000008c700000, 0x000000008c700000, 0x000000008c800000|  0%| F|  |TAMS 0x000000008c700000, 0x000000008c700000| Untracked 
| 200|0x000000008c800000, 0x000000008c800000, 0x000000008c900000|  0%| F|  |TAMS 0x000000008c800000, 0x000000008c800000| Untracked 
| 201|0x000000008c900000, 0x000000008c900000, 0x000000008ca00000|  0%| F|  |TAMS 0x000000008c900000, 0x000000008c900000| Untracked 
| 202|0x000000008ca00000, 0x000000008ca00000, 0x000000008cb00000|  0%| F|  |TAMS 0x000000008ca00000, 0x000000008ca00000| Untracked 
| 203|0x000000008cb00000, 0x000000008cb00000, 0x000000008cc00000|  0%| F|  |TAMS 0x000000008cb00000, 0x000000008cb00000| Untracked 
| 253|0x000000008fd00000, 0x000000008fd00000, 0x000000008fe00000|  0%| F|  |TAMS 0x000000008fd00000, 0x000000008fd00000| Untracked 

Card table byte_map: [0x0000019e19340000,0x0000019e19740000] _byte_map_base: 0x0000019e18f40000

Marking Bits (Prev, Next): (CMBitMap*) 0x0000019e0656a540, (CMBitMap*) 0x0000019e0656a580
 Prev Bits: [0x0000019e19b40000, 0x0000019e1bb40000)
 Next Bits: [0x0000019e1bb40000, 0x0000019e1db40000)

Polling page: 0x0000019e05cd0000

Metaspace:

Usage:
  Non-class:     35.99 MB used.
      Class:      5.53 MB used.
       Both:     41.51 MB used.

Virtual space:
  Non-class space:       64.00 MB reserved,      36.19 MB ( 57%) committed,  1 nodes.
      Class space:        1.00 GB reserved,       5.69 MB ( <1%) committed,  1 nodes.
             Both:        1.06 GB reserved,      41.88 MB (  4%) committed. 

Chunk freelists:
   Non-Class:  11.39 MB
       Class:  10.34 MB
        Both:  21.73 MB

MaxMetaspaceSize: unlimited
CompressedClassSpaceSize: 1.00 GB
Initial GC threshold: 21.00 MB
Current GC threshold: 58.88 MB
CDS: off
MetaspaceReclaimPolicy: balanced
 - commit_granule_bytes: 65536.
 - commit_granule_words: 8192.
 - virtual_space_node_default_size: 8388608.
 - enlarge_chunks_in_place: 1.
 - new_chunks_are_fully_committed: 0.
 - uncommit_free_chunks: 1.
 - use_allocation_guard: 0.
 - handle_deallocations: 1.


Internal statistics:

num_allocs_failed_limit: 6.
num_arena_births: 422.
num_arena_deaths: 0.
num_vsnodes_births: 2.
num_vsnodes_deaths: 0.
num_space_committed: 670.
num_space_uncommitted: 0.
num_chunks_returned_to_freelist: 6.
num_chunks_taken_from_freelist: 1635.
num_chunk_merges: 6.
num_chunk_splits: 1090.
num_chunks_enlarged: 767.
num_inconsistent_stats: 0.

CodeHeap 'non-profiled nmethods': size=120000Kb used=2080Kb max_used=2080Kb free=117919Kb
 bounds [0x0000019e114c0000, 0x0000019e11730000, 0x0000019e189f0000]
CodeHeap 'profiled nmethods': size=120000Kb used=7711Kb max_used=7711Kb free=112288Kb
 bounds [0x0000019e099f0000, 0x0000019e0a180000, 0x0000019e10f20000]
CodeHeap 'non-nmethods': size=5760Kb used=1606Kb max_used=1638Kb free=4153Kb
 bounds [0x0000019e10f20000, 0x0000019e11190000, 0x0000019e114c0000]
 total_blobs=4519 nmethods=3860 adapters=571
 compilation: enabled
              stopped_count=0, restarted_count=0
 full_count=0

Compilation events (20 events):
Event: 188.939 Thread 0x0000019e209e8f10 3868       3       java.util.stream.ReferencePipeline::noneMatch (18 bytes)
Event: 188.939 Thread 0x0000019e209e8f10 nmethod 3868 0x0000019e0a172490 code [0x0000019e0a172640, 0x0000019e0a1728d8]
Event: 188.939 Thread 0x0000019e209e8f10 3869       3       org.gradle.internal.instantiation.generator.AbstractClassGenerator::access$1500 (5 bytes)
Event: 188.939 Thread 0x0000019e209e8f10 nmethod 3869 0x0000019e0a172a10 code [0x0000019e0a172ba0, 0x0000019e0a172ca8]
Event: 188.939 Thread 0x0000019e209e8f10 3870       3       org.gradle.model.internal.asm.ClassVisitorScope::addField (11 bytes)
Event: 188.939 Thread 0x0000019e209e8f10 nmethod 3870 0x0000019e0a172d90 code [0x0000019e0a172f40, 0x0000019e0a173158]
Event: 188.939 Thread 0x0000019e209e8f10 3871       3       org.gradle.internal.instantiation.generator.AsmBackedClassGenerator$ClassBuilderImpl::access$3900 (4 bytes)
Event: 188.939 Thread 0x0000019e209e8f10 nmethod 3871 0x0000019e0a173290 code [0x0000019e0a173420, 0x0000019e0a173518]
Event: 188.941 Thread 0x0000019e209e8f10 3872       3       java.io.File::getName (42 bytes)
Event: 188.942 Thread 0x0000019e209e8f10 nmethod 3872 0x0000019e0a173590 code [0x0000019e0a1737e0, 0x0000019e0a174018]
Event: 188.945 Thread 0x0000019e209e8f10 3874       3       org.gradle.internal.classpath.DefaultClassPath::plus (57 bytes)
Event: 188.946 Thread 0x0000019e209e8f10 nmethod 3874 0x0000019e0a174390 code [0x0000019e0a174680, 0x0000019e0a175958]
Event: 188.946 Thread 0x0000019e209e8f10 3875       3       org.gradle.internal.classpath.DefaultClassPath$ImmutableUniqueList::<init> (16 bytes)
Event: 188.946 Thread 0x0000019e209e8f10 nmethod 3875 0x0000019e0a175e10 code [0x0000019e0a175fe0, 0x0000019e0a1764a8]
Event: 188.946 Thread 0x0000019e209e8f10 3876       3       org.gradle.internal.classpath.DefaultClassPath::concat (33 bytes)
Event: 188.946 Thread 0x0000019e209e8f10 nmethod 3876 0x0000019e0a176690 code [0x0000019e0a1768e0, 0x0000019e0a177208]
Event: 188.952 Thread 0x0000019e209e8f10 3878       3       jdk.internal.loader.URLClassPath$JarLoader::findResource (18 bytes)
Event: 188.952 Thread 0x0000019e209e8f10 nmethod 3878 0x0000019e0a177510 code [0x0000019e0a1776c0, 0x0000019e0a177918]
Event: 188.953 Thread 0x0000019e209e8f10 3879       2       java.lang.String$CaseInsensitiveComparator::compare (68 bytes)
Event: 188.953 Thread 0x0000019e209e8f10 nmethod 3879 0x0000019e0a177a10 code [0x0000019e0a177be0, 0x0000019e0a177e18]

GC Heap History (19 events):
Event: 0.938 GC heap before
{Heap before GC invocations=0 (full 0):
 garbage-first heap   total 260096K, used 26624K [0x0000000080000000, 0x0000000100000000)
  region size 1024K, 23 young (23552K), 0 survivors (0K)
 Metaspace       used 10396K, committed 10560K, reserved 1114112K
  class space    used 1077K, committed 1152K, reserved 1048576K
}
Event: 0.941 GC heap after
{Heap after GC invocations=1 (full 0):
 garbage-first heap   total 260096K, used 10497K [0x0000000080000000, 0x0000000100000000)
  region size 1024K, 3 young (3072K), 3 survivors (3072K)
 Metaspace       used 10396K, committed 10560K, reserved 1114112K
  class space    used 1077K, committed 1152K, reserved 1048576K
}
Event: 1.383 GC heap before
{Heap before GC invocations=1 (full 0):
 garbage-first heap   total 260096K, used 39169K [0x0000000080000000, 0x0000000100000000)
  region size 1024K, 31 young (31744K), 3 survivors (3072K)
 Metaspace       used 11430K, committed 11584K, reserved 1114112K
  class space    used 1195K, committed 1280K, reserved 1048576K
}
Event: 1.385 GC heap after
{Heap after GC invocations=2 (full 0):
 garbage-first heap   total 260096K, used 11256K [0x0000000080000000, 0x0000000100000000)
  region size 1024K, 1 young (1024K), 1 survivors (1024K)
 Metaspace       used 11430K, committed 11584K, reserved 1114112K
  class space    used 1195K, committed 1280K, reserved 1048576K
}
Event: 4.198 GC heap before
{Heap before GC invocations=2 (full 0):
 garbage-first heap   total 260096K, used 61432K [0x0000000080000000, 0x0000000100000000)
  region size 1024K, 50 young (51200K), 1 survivors (1024K)
 Metaspace       used 21249K, committed 21504K, reserved 1114112K
  class space    used 2489K, committed 2624K, reserved 1048576K
}
Event: 4.202 GC heap after
{Heap after GC invocations=3 (full 0):
 garbage-first heap   total 260096K, used 19112K [0x0000000080000000, 0x0000000100000000)
  region size 1024K, 9 young (9216K), 9 survivors (9216K)
 Metaspace       used 21249K, committed 21504K, reserved 1114112K
  class space    used 2489K, committed 2624K, reserved 1048576K
}
Event: 4.616 GC heap before
{Heap before GC invocations=4 (full 0):
 garbage-first heap   total 71680K, used 52904K [0x0000000080000000, 0x0000000100000000)
  region size 1024K, 42 young (43008K), 9 survivors (9216K)
 Metaspace       used 26316K, committed 26560K, reserved 1114112K
  class space    used 3351K, committed 3456K, reserved 1048576K
}
Event: 4.619 GC heap after
{Heap after GC invocations=5 (full 0):
 garbage-first heap   total 71680K, used 20726K [0x0000000080000000, 0x0000000100000000)
  region size 1024K, 2 young (2048K), 2 survivors (2048K)
 Metaspace       used 26316K, committed 26560K, reserved 1114112K
  class space    used 3351K, committed 3456K, reserved 1048576K
}
Event: 4.634 GC heap before
{Heap before GC invocations=5 (full 0):
 garbage-first heap   total 71680K, used 21750K [0x0000000080000000, 0x0000000100000000)
  region size 1024K, 3 young (3072K), 2 survivors (2048K)
 Metaspace       used 26436K, committed 26688K, reserved 1114112K
  class space    used 3374K, committed 3520K, reserved 1048576K
}
Event: 4.635 GC heap after
{Heap after GC invocations=6 (full 0):
 garbage-first heap   total 71680K, used 21110K [0x0000000080000000, 0x0000000100000000)
  region size 1024K, 1 young (1024K), 1 survivors (1024K)
 Metaspace       used 26436K, committed 26688K, reserved 1114112K
  class space    used 3374K, committed 3520K, reserved 1048576K
}
Event: 5.041 GC heap before
{Heap before GC invocations=6 (full 0):
 garbage-first heap   total 71680K, used 50806K [0x0000000080000000, 0x0000000100000000)
  region size 1024K, 30 young (30720K), 1 survivors (1024K)
 Metaspace       used 30449K, committed 30720K, reserved 1114112K
  class space    used 4042K, committed 4160K, reserved 1048576K
}
Event: 5.042 GC heap after
{Heap after GC invocations=7 (full 0):
 garbage-first heap   total 71680K, used 22649K [0x0000000080000000, 0x0000000100000000)
  region size 1024K, 2 young (2048K), 2 survivors (2048K)
 Metaspace       used 30449K, committed 30720K, reserved 1114112K
  class space    used 4042K, committed 4160K, reserved 1048576K
}
Event: 188.336 GC heap before
{Heap before GC invocations=7 (full 0):
 garbage-first heap   total 71680K, used 51321K [0x0000000080000000, 0x0000000100000000)
  region size 1024K, 31 young (31744K), 2 survivors (2048K)
 Metaspace       used 33965K, committed 34240K, reserved 1114112K
  class space    used 4603K, committed 4736K, reserved 1048576K
}
Event: 188.341 GC heap after
{Heap after GC invocations=8 (full 0):
 garbage-first heap   total 71680K, used 23839K [0x0000000080000000, 0x0000000100000000)
  region size 1024K, 4 young (4096K), 4 survivors (4096K)
 Metaspace       used 33965K, committed 34240K, reserved 1114112K
  class space    used 4603K, committed 4736K, reserved 1048576K
}
Event: 188.476 GC heap before
{Heap before GC invocations=8 (full 0):
 garbage-first heap   total 71680K, used 34079K [0x0000000080000000, 0x0000000100000000)
  region size 1024K, 16 young (16384K), 4 survivors (4096K)
 Metaspace       used 35710K, committed 35968K, reserved 1114112K
  class space    used 4859K, committed 4992K, reserved 1048576K
}
Event: 188.480 GC heap after
{Heap after GC invocations=9 (full 0):
 garbage-first heap   total 71680K, used 24361K [0x0000000080000000, 0x0000000100000000)
  region size 1024K, 2 young (2048K), 2 survivors (2048K)
 Metaspace       used 35710K, committed 35968K, reserved 1114112K
  class space    used 4859K, committed 4992K, reserved 1048576K
}
Event: 188.844 GC heap before
{Heap before GC invocations=10 (full 0):
 garbage-first heap   total 71680K, used 54057K [0x0000000080000000, 0x0000000100000000)
  region size 1024K, 32 young (32768K), 2 survivors (2048K)
 Metaspace       used 41419K, committed 41728K, reserved 1114112K
  class space    used 5483K, committed 5632K, reserved 1048576K
}
Event: 188.849 GC heap after
{Heap after GC invocations=11 (full 0):
 garbage-first heap   total 71680K, used 28120K [0x0000000080000000, 0x0000000100000000)
  region size 1024K, 4 young (4096K), 4 survivors (4096K)
 Metaspace       used 41419K, committed 41728K, reserved 1114112K
  class space    used 5483K, committed 5632K, reserved 1048576K
}
Event: 188.954 GC heap before
{Heap before GC invocations=11 (full 0):
 garbage-first heap   total 71680K, used 54744K [0x0000000080000000, 0x0000000100000000)
  region size 1024K, 30 young (30720K), 4 survivors (4096K)
 Metaspace       used 42509K, committed 42880K, reserved 1114112K
  class space    used 5657K, committed 5824K, reserved 1048576K
}

Dll operation events (3 events):
Event: 0.120 Loaded shared library D:\android\jbr\bin\java.dll
Event: 0.315 Loaded shared library D:\android\jbr\bin\zip.dll
Event: 0.703 Loaded shared library D:\android\jbr\bin\verify.dll

Deoptimization events (20 events):
Event: 188.792 Thread 0x0000019e26753030 DEOPT PACKING pc=0x0000019e0a0f441e sp=0x00000074405f85b0
Event: 188.792 Thread 0x0000019e26753030 DEOPT UNPACKING pc=0x0000019e10f7ace3 sp=0x00000074405f7a48 mode 0
Event: 188.815 Thread 0x0000019e26753030 Uncommon trap: trap_request=0xffffff45 fr.pc=0x0000019e115c4900 relative=0x00000000000000e0
Event: 188.815 Thread 0x0000019e26753030 Uncommon trap: reason=unstable_if action=reinterpret pc=0x0000019e115c4900 method=java.lang.ClassLoader.getClassLoadingLock(Ljava/lang/String;)Ljava/lang/Object; @ 6 c2
Event: 188.815 Thread 0x0000019e26753030 DEOPT PACKING pc=0x0000019e115c4900 sp=0x00000074405f8ac0
Event: 188.815 Thread 0x0000019e26753030 DEOPT UNPACKING pc=0x0000019e10f7a1a3 sp=0x00000074405f8a60 mode 2
Event: 188.822 Thread 0x0000019e26753030 DEOPT PACKING pc=0x0000019e09da54f1 sp=0x00000074405f74f0
Event: 188.822 Thread 0x0000019e26753030 DEOPT UNPACKING pc=0x0000019e10f7ace3 sp=0x00000074405f6a00 mode 0
Event: 188.829 Thread 0x0000019e26753030 DEOPT PACKING pc=0x0000019e0a111079 sp=0x00000074405f7f30
Event: 188.829 Thread 0x0000019e26753030 DEOPT UNPACKING pc=0x0000019e10f7ace3 sp=0x00000074405f73f0 mode 0
Event: 188.829 Thread 0x0000019e26753030 DEOPT PACKING pc=0x0000019e0a111c20 sp=0x00000074405f7de0
Event: 188.829 Thread 0x0000019e26753030 DEOPT UNPACKING pc=0x0000019e10f7ace3 sp=0x00000074405f7288 mode 0
Event: 188.836 Thread 0x0000019e26753030 DEOPT PACKING pc=0x0000019e0a117840 sp=0x00000074405f8470
Event: 188.836 Thread 0x0000019e26753030 DEOPT UNPACKING pc=0x0000019e10f7ace3 sp=0x00000074405f7988 mode 0
Event: 188.865 Thread 0x0000019e26753030 DEOPT PACKING pc=0x0000019e09da54f1 sp=0x00000074405f8af0
Event: 188.865 Thread 0x0000019e26753030 DEOPT UNPACKING pc=0x0000019e10f7ace3 sp=0x00000074405f8018 mode 0
Event: 188.905 Thread 0x0000019e26753030 Uncommon trap: trap_request=0xffffff45 fr.pc=0x0000019e115ded94 relative=0x00000000000071b4
Event: 188.905 Thread 0x0000019e26753030 Uncommon trap: reason=unstable_if action=reinterpret pc=0x0000019e115ded94 method=jdk.internal.org.objectweb.asm.Frame.execute(IILjdk/internal/org/objectweb/asm/Symbol;Ljdk/internal/org/objectweb/asm/SymbolTable;)V @ 1 c2
Event: 188.905 Thread 0x0000019e26753030 DEOPT PACKING pc=0x0000019e115ded94 sp=0x00000074405f96e0
Event: 188.905 Thread 0x0000019e26753030 DEOPT UNPACKING pc=0x0000019e10f7a1a3 sp=0x00000074405f9698 mode 2

Classes unloaded (0 events):
No events

Classes redefined (0 events):
No events

Internal exceptions (20 events):
Event: 188.880 Thread 0x0000019e26753030 Exception <a 'sun/nio/fs/WindowsException'{0x0000000083ba0ca0}> (0x0000000083ba0ca0) 
thrown [s\src\hotspot\share\prims\jni.cpp, line 517]
Event: 188.880 Thread 0x0000019e26753030 Exception <a 'sun/nio/fs/WindowsException'{0x0000000083ba2228}> (0x0000000083ba2228) 
thrown [s\src\hotspot\share\prims\jni.cpp, line 517]
Event: 188.881 Thread 0x0000019e26753030 Exception <a 'sun/nio/fs/WindowsException'{0x0000000083ba37d0}> (0x0000000083ba37d0) 
thrown [s\src\hotspot\share\prims\jni.cpp, line 517]
Event: 188.888 Thread 0x0000019e26753030 Exception <a 'java/lang/NoSuchMethodError'{0x0000000083a71808}: 'java.lang.Object java.lang.invoke.Invokers$Holder.invoker(java.lang.Object, java.lang.Object, java.lang.Object, java.lang.Object, java.lang.Object, java.lang.Object)'> (0x0000000083a71808) 
thrown [s\src\hotspot\share\interpreter\linkResolver.cpp, line 771]
Event: 188.893 Thread 0x0000019e26753030 Exception <a 'java/lang/NoSuchMethodError'{0x0000000083af51c0}: 'java.lang.Object java.lang.invoke.Invokers$Holder.invoker(java.lang.Object, java.lang.Object, java.lang.Object, java.lang.Object)'> (0x0000000083af51c0) 
thrown [s\src\hotspot\share\interpreter\linkResolver.cpp, line 771]
Event: 188.898 Thread 0x0000019e26753030 Exception <a 'java/lang/NoSuchMethodError'{0x0000000083965c38}: 'java.lang.Object java.lang.invoke.Invokers$Holder.invoker(java.lang.Object, java.lang.Object, java.lang.Object, java.lang.Object, java.lang.Object)'> (0x0000000083965c38) 
thrown [s\src\hotspot\share\interpreter\linkResolver.cpp, line 771]
Event: 188.901 Thread 0x0000019e26753030 Exception <a 'java/lang/NoSuchMethodError'{0x0000000083983290}: 'java.lang.Object java.lang.invoke.DirectMethodHandle$Holder.invokeSpecial(java.lang.Object, java.lang.Object, java.lang.Object, java.lang.Object, java.lang.Object, java.lang.Object, java.lang.Object, java.lang.Object, java.lang.Object, java.lang.Object, java.lang.Object, java.lang.Object, java.lang.Object, java.lang.Object, java.lang.Object, java.lang.Object, java.lang.Object, java.lang.Object, java.lang.Object, java.lang.Object, java.lang.Ob
Event: 188.901 Thread 0x0000019e26753030 Exception <a 'java/lang/NoSuchMethodError'{0x00000000839890f8}: 'java.lang.Object java.lang.invoke.DelegatingMethodHandle$Holder.reinvoke_L(java.lang.Object, java.lang.Object, java.lang.Object, java.lang.Object, java.lang.Object, java.lang.Object, java.lang.Object, java.lang.Object, java.lang.Object, java.lang.Object, java.lang.Object, java.lang.Object, java.lang.Object, java.lang.Object, java.lang.Object, java.lang.Object, java.lang.Object, java.lang.Object, java.lang.Object, java.lang.Object, java.lang.O
Event: 188.901 Thread 0x0000019e26753030 Exception <a 'java/lang/NoSuchMethodError'{0x0000000083995028}: 'java.lang.Object java.lang.invoke.Invokers$Holder.invoker(java.lang.Object, java.lang.Object, java.lang.Object, java.lang.Object, java.lang.Object, java.lang.Object, java.lang.Object, java.lang.Object, java.lang.Object, java.lang.Object, java.lang.Object, java.lang.Object, java.lang.Object, java.lang.Object, java.lang.Object, java.lang.Object, java.lang.Object, java.lang.Object, java.lang.Object, java.lang.Object, java.lang.Object, java.lang.
Event: 188.901 Thread 0x0000019e26753030 Exception <a 'java/lang/NoSuchMethodError'{0x000000008399be00}: 'java.lang.Object java.lang.invoke.DelegatingMethodHandle$Holder.delegate(java.lang.Object, java.lang.Object, java.lang.Object, java.lang.Object, java.lang.Object, java.lang.Object, java.lang.Object, java.lang.Object, java.lang.Object, java.lang.Object, java.lang.Object, java.lang.Object, java.lang.Object, java.lang.Object, java.lang.Object, java.lang.Object, java.lang.Object, java.lang.Object, java.lang.Object, java.lang.Object, java.lang.Obj
Event: 188.905 Thread 0x0000019e26753030 Exception <a 'java/lang/NoSuchMethodError'{0x0000000083816f10}: 'java.lang.Object java.lang.invoke.DirectMethodHandle$Holder.invokeStatic(java.lang.Object, java.lang.Object, java.lang.Object, java.lang.Object, java.lang.Object, java.lang.Object, java.lang.Object, java.lang.Object, java.lang.Object, java.lang.Object, java.lang.Object, java.lang.Object, java.lang.Object, java.lang.Object, java.lang.Object, java.lang.Object, java.lang.Object)'> (0x0000000083816f10) 
thrown [s\src\hotspot\share\interpreter\lin
Event: 188.906 Thread 0x0000019e26753030 Exception <a 'java/lang/NoSuchMethodError'{0x0000000083840178}: 'java.lang.Object java.lang.invoke.DirectMethodHandle$Holder.invokeStatic(java.lang.Object, java.lang.Object, java.lang.Object, java.lang.Object, java.lang.Object, java.lang.Object, java.lang.Object, java.lang.Object, java.lang.Object, java.lang.Object, java.lang.Object, java.lang.Object, java.lang.Object, java.lang.Object, java.lang.Object, java.lang.Object, java.lang.Object, java.lang.Object)'> (0x0000000083840178) 
thrown [s\src\hotspot\sha
Event: 188.907 Thread 0x0000019e26753030 Exception <a 'java/lang/NoSuchMethodError'{0x000000008386a718}: 'java.lang.Object java.lang.invoke.DirectMethodHandle$Holder.invokeStatic(java.lang.Object, java.lang.Object, java.lang.Object, java.lang.Object, java.lang.Object, java.lang.Object, java.lang.Object, java.lang.Object, java.lang.Object, java.lang.Object, java.lang.Object, java.lang.Object, java.lang.Object, java.lang.Object, java.lang.Object, java.lang.Object, java.lang.Object, java.lang.Object, java.lang.Object)'> (0x000000008386a718) 
thrown 
Event: 188.908 Thread 0x0000019e26753030 Exception <a 'java/lang/NoSuchMethodError'{0x0000000083896318}: 'java.lang.Object java.lang.invoke.DirectMethodHandle$Holder.invokeStatic(java.lang.Object, java.lang.Object, java.lang.Object, java.lang.Object, java.lang.Object, java.lang.Object, java.lang.Object, java.lang.Object, java.lang.Object, java.lang.Object, java.lang.Object, java.lang.Object, java.lang.Object, java.lang.Object, java.lang.Object, java.lang.Object, java.lang.Object, java.lang.Object, java.lang.Object, java.lang.Object)'> (0x00000000
Event: 188.910 Thread 0x0000019e26753030 Exception <a 'java/lang/NoSuchMethodError'{0x00000000838c2700}: 'java.lang.Object java.lang.invoke.DirectMethodHandle$Holder.invokeStatic(java.lang.Object, java.lang.Object, java.lang.Object, java.lang.Object, java.lang.Object, java.lang.Object, java.lang.Object, java.lang.Object, java.lang.Object, java.lang.Object, java.lang.Object, java.lang.Object, java.lang.Object, java.lang.Object, java.lang.Object, java.lang.Object, java.lang.Object, java.lang.Object, java.lang.Object, java.lang.Object, java.lang.Obj
Event: 188.911 Thread 0x0000019e26753030 Exception <a 'java/lang/NoSuchMethodError'{0x00000000838f86b0}: 'java.lang.Object java.lang.invoke.DirectMethodHandle$Holder.invokeStatic(java.lang.Object, java.lang.Object, java.lang.Object, java.lang.Object, java.lang.Object, java.lang.Object, java.lang.Object, java.lang.Object, java.lang.Object, java.lang.Object, java.lang.Object, java.lang.Object, java.lang.Object, java.lang.Object, java.lang.Object, java.lang.Object, java.lang.Object, java.lang.Object, java.lang.Object, java.lang.Object, java.lang.Obj
Event: 188.912 Thread 0x0000019e26753030 Exception <a 'java/lang/NoSuchMethodError'{0x00000000837270c8}: 'java.lang.Object java.lang.invoke.DirectMethodHandle$Holder.invokeStatic(java.lang.Object, java.lang.Object, java.lang.Object, java.lang.Object, java.lang.Object, java.lang.Object, java.lang.Object, java.lang.Object, java.lang.Object, java.lang.Object, java.lang.Object, java.lang.Object, java.lang.Object, java.lang.Object, java.lang.Object, java.lang.Object, java.lang.Object, java.lang.Object, java.lang.Object, java.lang.Object, java.lang.Obj
Event: 188.913 Thread 0x0000019e26753030 Exception <a 'java/lang/NoSuchMethodError'{0x00000000837560f8}: 'java.lang.Object java.lang.invoke.DirectMethodHandle$Holder.invokeStatic(java.lang.Object, java.lang.Object, java.lang.Object, java.lang.Object, java.lang.Object, java.lang.Object, java.lang.Object, java.lang.Object, java.lang.Object, java.lang.Object, java.lang.Object, java.lang.Object, java.lang.Object, java.lang.Object, java.lang.Object, java.lang.Object, java.lang.Object, java.lang.Object, java.lang.Object, java.lang.Object, java.lang.Obj
Event: 188.914 Thread 0x0000019e26753030 Exception <a 'java/lang/NoSuchMethodError'{0x0000000083787e48}: 'java.lang.Object java.lang.invoke.DirectMethodHandle$Holder.invokeStatic(java.lang.Object, java.lang.Object, java.lang.Object, java.lang.Object, java.lang.Object, java.lang.Object, java.lang.Object, java.lang.Object, java.lang.Object, java.lang.Object, java.lang.Object, java.lang.Object, java.lang.Object, java.lang.Object, java.lang.Object, java.lang.Object, java.lang.Object, java.lang.Object, java.lang.Object, java.lang.Object, java.lang.Obj
Event: 188.915 Thread 0x0000019e26753030 Exception <a 'java/lang/NoSuchMethodError'{0x00000000837ba2d8}: 'java.lang.Object java.lang.invoke.DirectMethodHandle$Holder.invokeStatic(java.lang.Object, java.lang.Object, java.lang.Object, java.lang.Object, java.lang.Object, java.lang.Object, java.lang.Object, java.lang.Object, java.lang.Object, java.lang.Object, java.lang.Object, java.lang.Object, java.lang.Object, java.lang.Object, java.lang.Object, java.lang.Object, java.lang.Object, java.lang.Object, java.lang.Object, java.lang.Object, java.lang.Obj

VM Operations (20 events):
Event: 188.490 Executing VM operation: G1PauseRemark done
Event: 188.493 Executing VM operation: G1PauseCleanup
Event: 188.493 Executing VM operation: G1PauseCleanup done
Event: 188.530 Executing VM operation: HandshakeAllThreads
Event: 188.530 Executing VM operation: HandshakeAllThreads done
Event: 188.629 Executing VM operation: HandshakeAllThreads
Event: 188.629 Executing VM operation: HandshakeAllThreads done
Event: 188.665 Executing VM operation: HandshakeAllThreads
Event: 188.666 Executing VM operation: HandshakeAllThreads done
Event: 188.766 Executing VM operation: HandshakeAllThreads
Event: 188.766 Executing VM operation: HandshakeAllThreads done
Event: 188.767 Executing VM operation: HandshakeAllThreads
Event: 188.767 Executing VM operation: HandshakeAllThreads done
Event: 188.771 Executing VM operation: HandshakeAllThreads
Event: 188.771 Executing VM operation: HandshakeAllThreads done
Event: 188.821 Executing VM operation: HandshakeAllThreads
Event: 188.821 Executing VM operation: HandshakeAllThreads done
Event: 188.844 Executing VM operation: G1CollectForAllocation
Event: 188.849 Executing VM operation: G1CollectForAllocation done
Event: 188.954 Executing VM operation: G1CollectForAllocation

Events (20 events):
Event: 188.906 loading class java/lang/invoke/BoundMethodHandle$Species_LLLLLLLLLLLLLLL
Event: 188.906 loading class java/lang/invoke/BoundMethodHandle$Species_LLLLLLLLLLLLLLL done
Event: 188.907 loading class java/lang/invoke/BoundMethodHandle$Species_LLLLLLLLLLLLLLLL
Event: 188.907 loading class java/lang/invoke/BoundMethodHandle$Species_LLLLLLLLLLLLLLLL done
Event: 188.908 loading class java/lang/invoke/BoundMethodHandle$Species_LLLLLLLLLLLLLLLLL
Event: 188.908 loading class java/lang/invoke/BoundMethodHandle$Species_LLLLLLLLLLLLLLLLL done
Event: 188.909 loading class java/lang/invoke/BoundMethodHandle$Species_LLLLLLLLLLLLLLLLLL
Event: 188.909 loading class java/lang/invoke/BoundMethodHandle$Species_LLLLLLLLLLLLLLLLLL done
Event: 188.910 loading class java/lang/invoke/BoundMethodHandle$Species_LLLLLLLLLLLLLLLLLLL
Event: 188.910 loading class java/lang/invoke/BoundMethodHandle$Species_LLLLLLLLLLLLLLLLLLL done
Event: 188.911 loading class java/lang/invoke/BoundMethodHandle$Species_LLLLLLLLLLLLLLLLLLLL
Event: 188.911 loading class java/lang/invoke/BoundMethodHandle$Species_LLLLLLLLLLLLLLLLLLLL done
Event: 188.912 loading class java/lang/invoke/BoundMethodHandle$Species_LLLLLLLLLLLLLLLLLLLLL
Event: 188.912 loading class java/lang/invoke/BoundMethodHandle$Species_LLLLLLLLLLLLLLLLLLLLL done
Event: 188.913 loading class java/lang/invoke/BoundMethodHandle$Species_LLLLLLLLLLLLLLLLLLLLLL
Event: 188.913 loading class java/lang/invoke/BoundMethodHandle$Species_LLLLLLLLLLLLLLLLLLLLLL done
Event: 188.914 loading class java/lang/invoke/BoundMethodHandle$Species_LLLLLLLLLLLLLLLLLLLLLLL
Event: 188.914 loading class java/lang/invoke/BoundMethodHandle$Species_LLLLLLLLLLLLLLLLLLLLLLL done
Event: 188.921 loading class java/util/regex/Pattern$Pos
Event: 188.921 loading class java/util/regex/Pattern$Pos done


Dynamic libraries:
0x00007ff747aa0000 - 0x00007ff747aaa000 	D:\android\jbr\bin\java.exe
0x00007ff8aaef0000 - 0x00007ff8ab0e8000 	C:\Windows\SYSTEM32\ntdll.dll
0x00007ff8aa6e0000 - 0x00007ff8aa79d000 	C:\Windows\System32\KERNEL32.DLL
0x00007ff8a8950000 - 0x00007ff8a8c46000 	C:\Windows\System32\KERNELBASE.dll
0x00007ff8a8700000 - 0x00007ff8a8800000 	C:\Windows\System32\ucrtbase.dll
0x00007ff8920b0000 - 0x00007ff8920c7000 	D:\android\jbr\bin\jli.dll
0x00007ff8aa540000 - 0x00007ff8aa6df000 	C:\Windows\System32\USER32.dll
0x00007ff8a86d0000 - 0x00007ff8a86f2000 	C:\Windows\System32\win32u.dll
0x00007ff8a8f20000 - 0x00007ff8a8f4b000 	C:\Windows\System32\GDI32.dll
0x00007ff894d20000 - 0x00007ff894fba000 	C:\Windows\WinSxS\amd64_microsoft.windows.common-controls_6595b64144ccf1df_6.0.19041.4355_none_60b8b9eb71f62e16\COMCTL32.dll
0x00007ff8aa820000 - 0x00007ff8aa8be000 	C:\Windows\System32\msvcrt.dll
0x00007ff8a8800000 - 0x00007ff8a8917000 	C:\Windows\System32\gdi32full.dll
0x00007ff8a8630000 - 0x00007ff8a86cd000 	C:\Windows\System32\msvcp_win.dll
0x00007ff8a3f70000 - 0x00007ff8a3f8b000 	D:\android\jbr\bin\VCRUNTIME140.dll
0x00007ff8aa8d0000 - 0x00007ff8aa902000 	C:\Windows\System32\IMM32.DLL
0x00007ff8a4f60000 - 0x00007ff8a4f6c000 	D:\android\jbr\bin\vcruntime140_1.dll
0x00007ff87c150000 - 0x00007ff87c1dd000 	D:\android\jbr\bin\msvcp140.dll
0x00007ff82c070000 - 0x00007ff82ccf3000 	D:\android\jbr\bin\server\jvm.dll
0x00007ff8a9bc0000 - 0x00007ff8a9c70000 	C:\Windows\System32\ADVAPI32.dll
0x00007ff8aab70000 - 0x00007ff8aac10000 	C:\Windows\System32\sechost.dll
0x00007ff8a9d40000 - 0x00007ff8a9e63000 	C:\Windows\System32\RPCRT4.dll
0x00007ff8a8920000 - 0x00007ff8a8947000 	C:\Windows\System32\bcrypt.dll
0x00007ff8a7b20000 - 0x00007ff8a7b6b000 	C:\Windows\SYSTEM32\POWRPROF.dll
0x00007ff89f960000 - 0x00007ff89f96a000 	C:\Windows\SYSTEM32\VERSION.dll
0x00007ff82da70000 - 0x00007ff82da79000 	C:\Windows\SYSTEM32\WSOCK32.dll
0x00007ff895170000 - 0x00007ff895197000 	C:\Windows\SYSTEM32\WINMM.dll
0x00007ff8aad20000 - 0x00007ff8aad8b000 	C:\Windows\System32\ws2_32.DLL
0x00007ff8a7990000 - 0x00007ff8a79a2000 	C:\Windows\SYSTEM32\UMPDC.dll
0x00007ff8a6420000 - 0x00007ff8a6432000 	C:\Windows\SYSTEM32\kernel.appcore.dll
0x00007ff82da60000 - 0x00007ff82da6a000 	D:\android\jbr\bin\jimage.dll
0x00007ff8a3d50000 - 0x00007ff8a3f34000 	C:\Windows\SYSTEM32\DBGHELP.DLL
0x00007ff8a3c10000 - 0x00007ff8a3c44000 	C:\Windows\SYSTEM32\dbgcore.DLL
0x00007ff8a85a0000 - 0x00007ff8a8622000 	C:\Windows\System32\bcryptPrimitives.dll
0x00007ff8920d0000 - 0x00007ff8920de000 	D:\android\jbr\bin\instrument.dll
0x00007ff82da30000 - 0x00007ff82da55000 	D:\android\jbr\bin\java.dll
0x00007ff82da10000 - 0x00007ff82da28000 	D:\android\jbr\bin\zip.dll
0x00007ff8a9450000 - 0x00007ff8a9bbb000 	C:\Windows\System32\SHELL32.dll
0x00007ff8a6620000 - 0x00007ff8a6dbd000 	C:\Windows\SYSTEM32\windows.storage.dll
0x00007ff8a9040000 - 0x00007ff8a9393000 	C:\Windows\System32\combase.dll
0x00007ff8a7fc0000 - 0x00007ff8a7fee000 	C:\Windows\SYSTEM32\Wldp.dll
0x00007ff8aaaa0000 - 0x00007ff8aab6d000 	C:\Windows\System32\OLEAUT32.dll
0x00007ff8a93a0000 - 0x00007ff8a944d000 	C:\Windows\System32\SHCORE.dll
0x00007ff8a9c70000 - 0x00007ff8a9cc5000 	C:\Windows\System32\shlwapi.dll
0x00007ff8a84d0000 - 0x00007ff8a84f4000 	C:\Windows\SYSTEM32\profapi.dll
0x00007ff82d9f0000 - 0x00007ff82da09000 	D:\android\jbr\bin\net.dll
0x00007ff89ddb0000 - 0x00007ff89deba000 	C:\Windows\SYSTEM32\WINHTTP.dll
0x00007ff8a7d20000 - 0x00007ff8a7d8a000 	C:\Windows\system32\mswsock.dll
0x00007ff82d9d0000 - 0x00007ff82d9e6000 	D:\android\jbr\bin\nio.dll
0x00007ff892110000 - 0x00007ff892120000 	D:\android\jbr\bin\verify.dll
0x00007ff8a3f90000 - 0x00007ff8a3fb7000 	C:\Users\Lucius\.gradle\native\c067742578af261105cb4f569cf0c3c89f3d7b1fecec35dd04571415982c5e48\windows-amd64\native-platform.dll
0x00007ff86d2c0000 - 0x00007ff86d404000 	C:\Users\Lucius\.gradle\native\38dada09dfb8b06ba9b0570ebf7e218e3eb74d4ef43ca46872605cf95ebc2f47\windows-amd64\native-platform-file-events.dll
0x00007ff8920f0000 - 0x00007ff8920f9000 	D:\android\jbr\bin\management.dll
0x00007ff8920e0000 - 0x00007ff8920eb000 	D:\android\jbr\bin\management_ext.dll
0x00007ff8a9cd0000 - 0x00007ff8a9cd8000 	C:\Windows\System32\PSAPI.DLL
0x00007ff8a7f10000 - 0x00007ff8a7f28000 	C:\Windows\SYSTEM32\CRYPTSP.dll
0x00007ff8a75d0000 - 0x00007ff8a7604000 	C:\Windows\system32\rsaenh.dll
0x00007ff8a8480000 - 0x00007ff8a84ae000 	C:\Windows\SYSTEM32\USERENV.dll
0x00007ff8a7f30000 - 0x00007ff8a7f3c000 	C:\Windows\SYSTEM32\CRYPTBASE.dll
0x00007ff8a79b0000 - 0x00007ff8a79eb000 	C:\Windows\SYSTEM32\IPHLPAPI.DLL
0x00007ff8a8f50000 - 0x00007ff8a8f58000 	C:\Windows\System32\NSI.dll
0x00007ff89f970000 - 0x00007ff89f987000 	C:\Windows\SYSTEM32\dhcpcsvc6.DLL
0x00007ff89fd40000 - 0x00007ff89fd5d000 	C:\Windows\SYSTEM32\dhcpcsvc.DLL
0x00007ff8a7a00000 - 0x00007ff8a7acb000 	C:\Windows\SYSTEM32\DNSAPI.dll
0x00007ff892100000 - 0x00007ff892109000 	D:\android\jbr\bin\extnet.dll
0x00007ff884b20000 - 0x00007ff884b27000 	C:\Windows\system32\wshunix.dll

dbghelp: loaded successfully - version: 4.0.5 - missing functions: none
symbol engine: initialized successfully - sym options: 0x614 - pdb path: .;D:\android\jbr\bin;C:\Windows\SYSTEM32;C:\Windows\WinSxS\amd64_microsoft.windows.common-controls_6595b64144ccf1df_6.0.19041.4355_none_60b8b9eb71f62e16;D:\android\jbr\bin\server;C:\Users\Lucius\.gradle\native\c067742578af261105cb4f569cf0c3c89f3d7b1fecec35dd04571415982c5e48\windows-amd64;C:\Users\Lucius\.gradle\native\38dada09dfb8b06ba9b0570ebf7e218e3eb74d4ef43ca46872605cf95ebc2f47\windows-amd64

VM Arguments:
jvm_args: --add-opens=java.base/java.util=ALL-UNNAMED --add-opens=java.base/java.lang=ALL-UNNAMED --add-opens=java.base/java.lang.invoke=ALL-UNNAMED --add-opens=java.prefs/java.util.prefs=ALL-UNNAMED --add-opens=java.base/java.nio.charset=ALL-UNNAMED --add-opens=java.base/java.net=ALL-UNNAMED --add-opens=java.base/java.util.concurrent.atomic=ALL-UNNAMED -Xmx2048m -Dfile.encoding=UTF-8 -Duser.country=US -Duser.language=en -Duser.variant -javaagent:C:\Users\Lucius\.gradle\wrapper\dists\gradle-8.7-bin\bhs2wmbdwecv87pi65oeuq5iu\gradle-8.7\lib\agents\gradle-instrumentation-agent-8.7.jar 
java_command: org.gradle.launcher.daemon.bootstrap.GradleDaemon 8.7
java_class_path (initial): C:\Users\Lucius\.gradle\wrapper\dists\gradle-8.7-bin\bhs2wmbdwecv87pi65oeuq5iu\gradle-8.7\lib\gradle-launcher-8.7.jar
Launcher Type: SUN_STANDARD

[Global flags]
     intx CICompilerCount                          = 4                                         {product} {ergonomic}
     uint ConcGCThreads                            = 3                                         {product} {ergonomic}
     uint G1ConcRefinementThreads                  = 10                                        {product} {ergonomic}
   size_t G1HeapRegionSize                         = 1048576                                   {product} {ergonomic}
    uintx GCDrainStackTargetSize                   = 64                                        {product} {ergonomic}
   size_t InitialHeapSize                          = 266338304                                 {product} {ergonomic}
   size_t MarkStackSize                            = 4194304                                   {product} {ergonomic}
   size_t MaxHeapSize                              = 2147483648                                {product} {command line}
   size_t MaxNewSize                               = 1287651328                                {product} {ergonomic}
   size_t MinHeapDeltaBytes                        = 1048576                                   {product} {ergonomic}
   size_t MinHeapSize                              = 8388608                                   {product} {ergonomic}
    uintx NonNMethodCodeHeapSize                   = 5839372                                {pd product} {ergonomic}
    uintx NonProfiledCodeHeapSize                  = 122909434                              {pd product} {ergonomic}
    uintx ProfiledCodeHeapSize                     = 122909434                              {pd product} {ergonomic}
    uintx ReservedCodeCacheSize                    = 251658240                              {pd product} {ergonomic}
     bool SegmentedCodeCache                       = true                                      {product} {ergonomic}
   size_t SoftMaxHeapSize                          = 2147483648                             {manageable} {ergonomic}
     bool UseCompressedClassPointers               = true                           {product lp64_product} {ergonomic}
     bool UseCompressedOops                        = true                           {product lp64_product} {ergonomic}
     bool UseG1GC                                  = true                                      {product} {ergonomic}
     bool UseLargePagesIndividualAllocation        = false                                  {pd product} {ergonomic}

Logging:
Log output configuration:
 #0: stdout all=warning uptime,level,tags
 #1: stderr all=off uptime,level,tags

Environment Variables:
JAVA_HOME=C:\Users\Lucius\AppData\Local\Programs\Eclipse Adoptium\jdk-17.0.11.9-hotspot\
PATH=C:\Windows\system32;C:\Windows;C:\Windows\System32\Wbem;C:\Windows\System32\WindowsPowerShell\v1.0\;C:\Windows\System32\OpenSSH\;C:\Program Files\Microsoft SQL Server\150\Tools\Binn\;C:\Program Files\Microsoft SQL Server\Client SDK\ODBC\170\Tools\Binn\;C:\Program Files\dotnet\;C:\Program Files\Git\cmd;C:\Program Files (x86)\Microsoft SQL Server\160\DTS\Binn\;C:\Program Files (x86)\Microsoft SQL Server\160\Tools\Binn\;C:\Program Files\Microsoft SQL Server\160\Tools\Binn\;C:\Program Files\Microsoft SQL Server\160\DTS\Binn\;C:\Users\Lucius\AppData\Local\Programs\Eclipse Adoptium\jdk-17.0.11.9-hotspot\bin;C:\Users\Lucius\AppData\Local\Microsoft\WindowsApps;C:\Users\Lucius\AppData\Local\Programs\Microsoft VS Code\bin;C:\Users\Lucius\.dotnet\tools
USERNAME=Lucius
OS=Windows_NT
PROCESSOR_IDENTIFIER=Intel64 Family 6 Model 141 Stepping 1, GenuineIntel
TMP=C:\Users\Lucius\AppData\Local\Temp
TEMP=C:\Users\Lucius\AppData\Local\Temp



Periodic native trim disabled

JNI global refs:
JNI global refs: 24, weak refs: 0

JNI global refs memory usage: 843, weak refs: 841

OOME stack traces (most recent first):
Classloader memory used:
Loader org.gradle.internal.classloader.VisitableURLClassLoader                         : 2410K
Loader bootstrap                                                                       : 2313K
Loader org.gradle.initialization.MixInLegacyTypesClassLoader                           : 492K
Loader jdk.internal.loader.ClassLoaders$PlatformClassLoader                            : 65610B
Loader jdk.internal.loader.ClassLoaders$AppClassLoader                                 : 28714B
Loader jdk.internal.reflect.DelegatingClassLoader                                      : 4428B

Classes loaded by more than one classloader:
Class org.gradle.internal.installation.GradleInstallation                             : loaded 2 times (x 73B)
Class org.gradle.internal.classpath.ClassPath                                         : loaded 2 times (x 68B)
Class org.gradle.api.internal.classpath.DefaultModuleRegistry                         : loaded 2 times (x 84B)
Class org.gradle.api.Action                                                           : loaded 2 times (x 68B)
Class org.gradle.api.internal.DefaultClassPathProvider                                : loaded 2 times (x 74B)
Class org.gradle.internal.installation.GradleInstallation$1                           : loaded 2 times (x 73B)
Class org.gradle.internal.classloader.FilteringClassLoader                            : loaded 2 times (x 103B)
Class org.gradle.internal.classpath.DefaultClassPath$ImmutableUniqueList$Builder      : loaded 2 times (x 73B)
Class org.gradle.internal.classloader.ClassLoaderVisitor                              : loaded 2 times (x 74B)
Class org.gradle.internal.service.DefaultServiceLocator                               : loaded 2 times (x 81B)
Class org.gradle.internal.service.UnknownServiceException                             : loaded 2 times (x 81B)
Class org.gradle.internal.classloader.DefaultClassLoaderFactory                       : loaded 2 times (x 80B)
Class org.gradle.internal.classloader.VisitableURLClassLoader$Spec                    : loaded 2 times (x 72B)
Class org.gradle.api.GradleException                                                  : loaded 2 times (x 80B)
Class org.gradle.api.internal.classpath.ModuleRegistry                                : loaded 2 times (x 68B)
Class org.gradle.api.internal.ClassPathProvider                                       : loaded 2 times (x 68B)
Class org.gradle.internal.classloader.ClasspathUtil$1                                 : loaded 2 times (x 74B)
Class org.gradle.internal.classloader.ClassLoaderFactory                              : loaded 2 times (x 68B)
Class org.gradle.api.internal.classpath.ManifestUtil                                  : loaded 2 times (x 69B)
Class org.gradle.api.specs.Spec                                                       : loaded 2 times (x 68B)
Class org.gradle.internal.IoActions                                                   : loaded 2 times (x 69B)
Class org.gradle.api.internal.classpath.EffectiveClassPath                            : loaded 2 times (x 88B)
Class org.gradle.internal.installation.CurrentGradleInstallation                      : loaded 2 times (x 71B)
Class org.gradle.internal.agents.InstrumentingClassLoader                             : loaded 2 times (x 68B)
Class org.gradle.internal.installation.CurrentGradleInstallationLocator               : loaded 2 times (x 69B)
Class org.gradle.api.internal.classpath.Module                                        : loaded 2 times (x 68B)
Class org.gradle.internal.service.CachingServiceLocator                               : loaded 2 times (x 80B)
Class org.gradle.internal.classpath.DefaultClassPath                                  : loaded 2 times (x 88B)
Class org.gradle.internal.classloader.SystemClassLoaderSpec                           : loaded 2 times (x 69B)
Class org.gradle.api.UncheckedIOException                                             : loaded 2 times (x 80B)
Class org.gradle.internal.classloader.ClasspathUtil                                   : loaded 2 times (x 69B)
Class org.gradle.api.internal.DefaultClassPathRegistry                                : loaded 2 times (x 74B)
Class org.gradle.api.internal.classpath.DefaultModuleRegistry$DefaultModule           : loaded 2 times (x 84B)
Class org.gradle.api.internal.classpath.UnknownModuleException                        : loaded 2 times (x 80B)
Class org.gradle.internal.service.ServiceLookupException                              : loaded 2 times (x 80B)
Class org.gradle.cache.GlobalCache                                                    : loaded 2 times (x 68B)
Class [Lorg.gradle.api.internal.ClassPathProvider;                                    : loaded 2 times (x 67B)
Class org.gradle.util.internal.GUtil                                                  : loaded 2 times (x 69B)
Class org.gradle.internal.classloader.ClassLoaderSpec                                 : loaded 2 times (x 69B)
Class org.gradle.internal.classloader.VisitableURLClassLoader                         : loaded 2 times (x 115B)
Class org.gradle.internal.Cast                                                        : loaded 2 times (x 69B)
Class org.gradle.api.internal.ClassPathRegistry                                       : loaded 2 times (x 68B)
Class org.gradle.internal.classloader.VisitableURLClassLoader$InstrumentingVisitableURLClassLoader: loaded 2 times (x 121B)
Class org.gradle.internal.classloader.ClassLoaderHierarchy                            : loaded 2 times (x 68B)
Class org.gradle.internal.InternalTransformer                                         : loaded 2 times (x 68B)
Class org.gradle.internal.service.ServiceLocator                                      : loaded 2 times (x 68B)
Class org.gradle.internal.classpath.DefaultClassPath$ImmutableUniqueList              : loaded 2 times (x 159B)
Class org.gradle.internal.classpath.TransformedClassPath                              : loaded 2 times (x 94B)


---------------  S Y S T E M  ---------------

OS:
 Windows 10 , 64 bit Build 19041 (10.0.19041.3636)
OS uptime: 0 days 0:20 hours

CPU: total 12 (initial active 12) (6 cores per cpu, 2 threads per core) family 6 model 141 stepping 1 microcode 0x34, cx8, cmov, fxsr, ht, mmx, 3dnowpref, sse, sse2, sse3, ssse3, sse4.1, sse4.2, popcnt, lzcnt, tsc, tscinvbit, avx, avx2, aes, erms, clmul, bmi1, bmi2, adx, avx512f, avx512dq, avx512cd, avx512bw, avx512vl, sha, fma, vzeroupper, avx512_vpopcntdq, avx512_vpclmulqdq, avx512_vaes, avx512_vnni, clflush, clflushopt, clwb, avx512_vbmi2, avx512_vbmi
Processor Information for all 12 processors :
  Max Mhz: 2688, Current Mhz: 2688, Mhz Limit: 2688

Memory: 4k page, system-wide physical 16163M (349M free)
TotalPageFile size 41725M (AvailPageFile size 20M)
current process WorkingSet (physical memory assigned to process): 190M, peak: 197M
current process commit charge ("private bytes"): 241M, peak: 403M

vm_info: OpenJDK 64-Bit Server VM (17.0.10+0--11572160) for windows-amd64 JRE (17.0.10+0--11572160), built on Mar 13 2024 23:56:38 by "androidbuild" with MS VC++ 16.10 / 16.11 (VS2019)

END.
